<?xml version="1.0" encoding="UTF-8"?>
<testsuite xmlns:xsi="http://www.w3.org/2001/XMLSchema-instance" xsi:noNamespaceSchemaLocation="https://maven.apache.org/surefire/maven-surefire-plugin/xsd/surefire-test-report.xsd" name="TestSuite" time="74.102" tests="1" errors="0" skipped="0" failures="1">
  <properties>
[...]
</properties>
  <testcase name="loginTest" classname="TestCases.TestCase01" time="70.044">
    <failure message="no such window: target window already closed&#10;from unknown error: web view not found&#10;  (Session info: chrome=81.0.4044.138)&#10;Build info: version: &apos;3.141.59&apos;, revision: &apos;e82be7d358&apos;, time: &apos;2018-11-14T08:17:03&apos;&#10;System info: host: &apos;BLRIDC52024246&apos;, ip: &apos;172.16.17.70&apos;, os.name: &apos;Windows 10&apos;, os.arch: &apos;amd64&apos;, os.version: &apos;10.0&apos;, java.version: &apos;11.0.3&apos;&#10;Driver info: org.openqa.selenium.chrome.ChromeDriver&#10;Capabilities {acceptInsecureCerts: false, browserName: chrome, browserVersion: 81.0.4044.138, chrome: {chromedriverVersion: 81.0.4044.138 (8c6c7ba89cc9..., userDataDir: C:\Users\MAMATH~1\AppData\L...}, goog:chromeOptions: {debuggerAddress: localhost:58103}, javascriptEnabled: true, networkConnectionEnabled: false, pageLoadStrategy: normal, platform: WINDOWS, platformName: WINDOWS, proxy: Proxy(), setWindowRect: true, strictFileInteractability: false, timeouts: {implicit: 0, pageLoad: 300000, script: 30000}, unhandledPromptBehavior: dismiss and notify, webauthn:virtualAuthenticators: true}&#10;Session ID: 61eaacacd68d5a6801c3c6cc43d739c7&#10;*** Element info: {Using=name, value=uid}" type="org.openqa.selenium.NoSuchWindowException">org.openqa.selenium.NoSuchWindowException: 
no such window: target window already closed
from unknown error: web view not found
  (Session info: chrome=81.0.4044.138)
Build info: version: '3.141.59', revision: 'e82be7d358', time: '2018-11-14T08:17:03'
System info: host: 'BLRIDC52024246', ip: '172.16.17.70', os.name: 'Windows 10', os.arch: 'amd64', os.version: '10.0', java.version: '11.0.3'
Driver info: org.openqa.selenium.chrome.ChromeDriver
Capabilities {acceptInsecureCerts: false, browserName: chrome, browserVersion: 81.0.4044.138, chrome: {chromedriverVersion: 81.0.4044.138 (8c6c7ba89cc9..., userDataDir: C:\Users\MAMATH~1\AppData\L...}, goog:chromeOptions: {debuggerAddress: localhost:58103}, javascriptEnabled: true, networkConnectionEnabled: false, pageLoadStrategy: normal, platform: WINDOWS, platformName: WINDOWS, proxy: Proxy(), setWindowRect: true, strictFileInteractability: false, timeouts: {implicit: 0, pageLoad: 300000, script: 30000}, unhandledPromptBehavior: dismiss and notify, webauthn:virtualAuthenticators: true}
Session ID: 61eaacacd68d5a6801c3c6cc43d739c7
*** Element info: {Using=name, value=uid}
	at TestCases.TestCase01.loginTest(TestCase01.java:23)
</failure>
    <system-err><![CDATA[Starting ChromeDriver 81.0.4044.138 (8c6c7ba89cc9453625af54f11fd83179e23450fa-refs/branch-heads/4044@{#999}) on port 8536
Only local connections are allowed.
Please protect ports used by ChromeDriver and related test frameworks to prevent access by malicious code.
Jun 02, 2020 3:43:15 PM org.openqa.selenium.remote.ProtocolHandshake createSession
INFO: Detected dialect: W3C
[1591092797.113][SEVERE]: Timed out receiving message from renderer: 0.100
[1591092797.217][SEVERE]: Timed out receiving message from renderer: 0.100
[1591092797.321][SEVERE]: Timed out receiving message from renderer: 0.100
[1591092797.489][SEVERE]: Timed out receiving message from renderer: 0.100
[1591092797.592][SEVERE]: Timed out receiving message from renderer: 0.100
[1591092797.695][SEVERE]: Timed out receiving message from renderer: 0.100
[1591092797.797][SEVERE]: Timed out receiving message from renderer: 0.100
[1591092797.914][SEVERE]: Timed out receiving message from renderer: 0.100
[1591092798.043][SEVERE]: Timed out receiving message from renderer: 0.100
[1591092798.235][SEVERE]: Timed out receiving message from renderer: 0.100
[1591092798.341][SEVERE]: Timed out receiving message from renderer: 0.100
[1591092798.444][SEVERE]: Timed out receiving message from renderer: 0.100
[1591092798.548][SEVERE]: Timed out receiving message from renderer: 0.100
[1591092798.790][SEVERE]: Timed out receiving message from renderer: 0.100
[1591092798.900][SEVERE]: Timed out receiving message from renderer: 0.100
[1591092799.004][SEVERE]: Timed out receiving message from renderer: 0.100
[1591092799.106][SEVERE]: Timed out receiving message from renderer: 0.100
[1591092799.209][SEVERE]: Timed out receiving message from renderer: 0.100
[1591092799.312][SEVERE]: Timed out receiving message from renderer: 0.100
[1591092799.416][SEVERE]: Timed out receiving message from renderer: 0.100
[1591092799.527][SEVERE]: Timed out receiving message from renderer: 0.100
[1591092799.633][SEVERE]: Timed out receiving message from renderer: 0.100
[1591092799.736][SEVERE]: Timed out receiving message from renderer: 0.100
[1591092799.838][SEVERE]: Timed out receiving message from renderer: 0.100
[1591092799.943][SEVERE]: Timed out receiving message from renderer: 0.100
[1591092800.046][SEVERE]: Timed out receiving message from renderer: 0.100
[1591092800.149][SEVERE]: Timed out receiving message from renderer: 0.100
[1591092800.252][SEVERE]: Timed out receiving message from renderer: 0.100
[1591092800.356][SEVERE]: Timed out receiving message from renderer: 0.100
[1591092800.461][SEVERE]: Timed out receiving message from renderer: 0.100
[1591092800.562][SEVERE]: Timed out receiving message from renderer: 0.100
[1591092800.694][SEVERE]: Timed out receiving message from renderer: 0.100
[1591092800.806][SEVERE]: Timed out receiving message from renderer: 0.100
[1591092800.943][SEVERE]: Timed out receiving message from renderer: 0.100
[1591092801.069][SEVERE]: Timed out receiving message from renderer: 0.100
[1591092801.188][SEVERE]: Timed out receiving message from renderer: 0.100
[1591092801.293][SEVERE]: Timed out receiving message from renderer: 0.100
[1591092801.399][SEVERE]: Timed out receiving message from renderer: 0.100
[1591092801.505][SEVERE]: Timed out receiving message from renderer: 0.100
[1591092801.610][SEVERE]: Timed out receiving message from renderer: 0.100
[1591092801.712][SEVERE]: Timed out receiving message from renderer: 0.100
[1591092801.825][SEVERE]: Timed out receiving message from renderer: 0.100
[1591092801.929][SEVERE]: Timed out receiving message from renderer: 0.100
[1591092802.034][SEVERE]: Timed out receiving message from renderer: 0.100
[1591092802.139][SEVERE]: Timed out receiving message from renderer: 0.100
[1591092802.246][SEVERE]: Timed out receiving message from renderer: 0.100
[1591092802.352][SEVERE]: Timed out receiving message from renderer: 0.100
[1591092802.459][SEVERE]: Timed out receiving message from renderer: 0.100
[1591092802.566][SEVERE]: Timed out receiving message from renderer: 0.100
[1591092802.671][SEVERE]: Timed out receiving message from renderer: 0.100
[1591092802.776][SEVERE]: Timed out receiving message from renderer: 0.100
[1591092802.882][SEVERE]: Timed out receiving message from renderer: 0.100
[1591092802.984][SEVERE]: Timed out receiving message from renderer: 0.100
[1591092803.090][SEVERE]: Timed out receiving message from renderer: 0.100
[1591092803.200][SEVERE]: Timed out receiving message from renderer: 0.100
[1591092803.306][SEVERE]: Timed out receiving message from renderer: 0.100
[1591092803.412][SEVERE]: Timed out receiving message from renderer: 0.100
[1591092803.520][SEVERE]: Timed out receiving message from renderer: 0.100
[1591092803.626][SEVERE]: Timed out receiving message from renderer: 0.100
[1591092803.736][SEVERE]: Timed out receiving message from renderer: 0.100
[1591092803.840][SEVERE]: Timed out receiving message from renderer: 0.100
[1591092803.945][SEVERE]: Timed out receiving message from renderer: 0.100
[1591092804.048][SEVERE]: Timed out receiving message from renderer: 0.100
[1591092804.151][SEVERE]: Timed out receiving message from renderer: 0.100
[1591092804.254][SEVERE]: Timed out receiving message from renderer: 0.100
[1591092804.358][SEVERE]: Timed out receiving message from renderer: 0.100
[1591092804.460][SEVERE]: Timed out receiving message from renderer: 0.100
[1591092804.566][SEVERE]: Timed out receiving message from renderer: 0.100
[1591092804.674][SEVERE]: Timed out receiving message from renderer: 0.100
[1591092804.780][SEVERE]: Timed out receiving message from renderer: 0.100
[1591092804.889][SEVERE]: Timed out receiving message from renderer: 0.100
[1591092804.992][SEVERE]: Timed out receiving message from renderer: 0.100
[1591092805.094][SEVERE]: Timed out receiving message from renderer: 0.100
[1591092805.226][SEVERE]: Timed out receiving message from renderer: 0.100
[1591092805.332][SEVERE]: Timed out receiving message from renderer: 0.100
[1591092805.437][SEVERE]: Timed out receiving message from renderer: 0.100
[1591092805.540][SEVERE]: Timed out receiving message from renderer: 0.100
[1591092805.644][SEVERE]: Timed out receiving message from renderer: 0.100
[1591092805.749][SEVERE]: Timed out receiving message from renderer: 0.100
[1591092805.852][SEVERE]: Timed out receiving message from renderer: 0.100
[1591092805.954][SEVERE]: Timed out receiving message from renderer: 0.100
[1591092806.057][SEVERE]: Timed out receiving message from renderer: 0.100
[1591092806.160][SEVERE]: Timed out receiving message from renderer: 0.100
[1591092806.264][SEVERE]: Timed out receiving message from renderer: 0.100
[1591092806.366][SEVERE]: Timed out receiving message from renderer: 0.100
[1591092806.469][SEVERE]: Timed out receiving message from renderer: 0.100
[1591092806.571][SEVERE]: Timed out receiving message from renderer: 0.100
[1591092806.675][SEVERE]: Timed out receiving message from renderer: 0.100
[1591092806.776][SEVERE]: Timed out receiving message from renderer: 0.100
[1591092806.879][SEVERE]: Timed out receiving message from renderer: 0.100
[1591092806.986][SEVERE]: Timed out receiving message from renderer: 0.100
[1591092807.087][SEVERE]: Timed out receiving message from renderer: 0.100
[1591092807.189][SEVERE]: Timed out receiving message from renderer: 0.100
[1591092807.291][SEVERE]: Timed out receiving message from renderer: 0.100
[1591092807.394][SEVERE]: Timed out receiving message from renderer: 0.100
[1591092807.496][SEVERE]: Timed out receiving message from renderer: 0.100
[1591092807.602][SEVERE]: Timed out receiving message from renderer: 0.100
[1591092807.705][SEVERE]: Timed out receiving message from renderer: 0.100
[1591092807.813][SEVERE]: Timed out receiving message from renderer: 0.100
[1591092807.918][SEVERE]: Timed out receiving message from renderer: 0.100
[1591092808.022][SEVERE]: Timed out receiving message from renderer: 0.100
[1591092808.126][SEVERE]: Timed out receiving message from renderer: 0.100
[1591092808.231][SEVERE]: Timed out receiving message from renderer: 0.100
[1591092808.340][SEVERE]: Timed out receiving message from renderer: 0.100
[1591092808.445][SEVERE]: Timed out receiving message from renderer: 0.100
[1591092808.551][SEVERE]: Timed out receiving message from renderer: 0.100
[1591092808.653][SEVERE]: Timed out receiving message from renderer: 0.100
[1591092808.755][SEVERE]: Timed out receiving message from renderer: 0.100
[1591092808.881][SEVERE]: Timed out receiving message from renderer: 0.100
[1591092808.987][SEVERE]: Timed out receiving message from renderer: 0.100
[1591092809.092][SEVERE]: Timed out receiving message from renderer: 0.100
[1591092809.258][SEVERE]: Timed out receiving message from renderer: 0.100
[1591092809.362][SEVERE]: Timed out receiving message from renderer: 0.100
[1591092809.468][SEVERE]: Timed out receiving message from renderer: 0.100
[1591092809.573][SEVERE]: Timed out receiving message from renderer: 0.100
[1591092809.682][SEVERE]: Timed out receiving message from renderer: 0.100
[1591092809.787][SEVERE]: Timed out receiving message from renderer: 0.100
[1591092809.894][SEVERE]: Timed out receiving message from renderer: 0.100
[1591092809.999][SEVERE]: Timed out receiving message from renderer: 0.100
[1591092810.110][SEVERE]: Timed out receiving message from renderer: 0.100
[1591092810.215][SEVERE]: Timed out receiving message from renderer: 0.100
[1591092810.323][SEVERE]: Timed out receiving message from renderer: 0.100
[1591092810.428][SEVERE]: Timed out receiving message from renderer: 0.100
[1591092810.532][SEVERE]: Timed out receiving message from renderer: 0.100
[1591092810.635][SEVERE]: Timed out receiving message from renderer: 0.100
[1591092810.740][SEVERE]: Timed out receiving message from renderer: 0.100
[1591092810.849][SEVERE]: Timed out receiving message from renderer: 0.100
[1591092811.032][SEVERE]: Timed out receiving message from renderer: 0.100
[1591092811.137][SEVERE]: Timed out receiving message from renderer: 0.100
[1591092811.243][SEVERE]: Timed out receiving message from renderer: 0.100
[1591092811.347][SEVERE]: Timed out receiving message from renderer: 0.100
[1591092811.453][SEVERE]: Timed out receiving message from renderer: 0.100
[1591092811.559][SEVERE]: Timed out receiving message from renderer: 0.100
[1591092811.666][SEVERE]: Timed out receiving message from renderer: 0.100
[1591092811.773][SEVERE]: Timed out receiving message from renderer: 0.100
[1591092811.878][SEVERE]: Timed out receiving message from renderer: 0.100
[1591092811.981][SEVERE]: Timed out receiving message from renderer: 0.100
[1591092812.084][SEVERE]: Timed out receiving message from renderer: 0.100
[1591092812.190][SEVERE]: Timed out receiving message from renderer: 0.100
[1591092812.295][SEVERE]: Timed out receiving message from renderer: 0.100
[1591092812.401][SEVERE]: Timed out receiving message from renderer: 0.100
[1591092812.510][SEVERE]: Timed out receiving message from renderer: 0.100
[1591092812.617][SEVERE]: Timed out receiving message from renderer: 0.100
[1591092812.720][SEVERE]: Timed out receiving message from renderer: 0.100
[1591092812.825][SEVERE]: Timed out receiving message from renderer: 0.100
[1591092812.930][SEVERE]: Timed out receiving message from renderer: 0.100
[1591092813.038][SEVERE]: Timed out receiving message from renderer: 0.100
[1591092813.147][SEVERE]: Timed out receiving message from renderer: 0.100
[1591092813.252][SEVERE]: Timed out receiving message from renderer: 0.100
[1591092813.357][SEVERE]: Timed out receiving message from renderer: 0.100
[1591092813.463][SEVERE]: Timed out receiving message from renderer: 0.100
[1591092813.571][SEVERE]: Timed out receiving message from renderer: 0.100
[1591092813.691][SEVERE]: Timed out receiving message from renderer: 0.100
[1591092813.796][SEVERE]: Timed out receiving message from renderer: 0.100
[1591092813.903][SEVERE]: Timed out receiving message from renderer: 0.100
[1591092814.017][SEVERE]: Timed out receiving message from renderer: 0.100
[1591092814.120][SEVERE]: Timed out receiving message from renderer: 0.100
[1591092814.225][SEVERE]: Timed out receiving message from renderer: 0.100
[1591092814.329][SEVERE]: Timed out receiving message from renderer: 0.100
[1591092814.433][SEVERE]: Timed out receiving message from renderer: 0.100
[1591092814.539][SEVERE]: Timed out receiving message from renderer: 0.100
[1591092814.644][SEVERE]: Timed out receiving message from renderer: 0.100
[1591092814.754][SEVERE]: Timed out receiving message from renderer: 0.100
[1591092814.860][SEVERE]: Timed out receiving message from renderer: 0.100
[1591092814.966][SEVERE]: Timed out receiving message from renderer: 0.100
[1591092815.070][SEVERE]: Timed out receiving message from renderer: 0.100
[1591092815.176][SEVERE]: Timed out receiving message from renderer: 0.100
[1591092815.285][SEVERE]: Timed out receiving message from renderer: 0.100
[1591092815.389][SEVERE]: Timed out receiving message from renderer: 0.100
[1591092815.519][SEVERE]: Timed out receiving message from renderer: 0.100
[1591092815.628][SEVERE]: Timed out receiving message from renderer: 0.100
[1591092815.731][SEVERE]: Timed out receiving message from renderer: 0.100
[1591092815.835][SEVERE]: Timed out receiving message from renderer: 0.100
[1591092815.942][SEVERE]: Timed out receiving message from renderer: 0.100
[1591092816.046][SEVERE]: Timed out receiving message from renderer: 0.100
[1591092816.157][SEVERE]: Timed out receiving message from renderer: 0.100
[1591092816.263][SEVERE]: Timed out receiving message from renderer: 0.100
[1591092816.366][SEVERE]: Timed out receiving message from renderer: 0.100
[1591092816.469][SEVERE]: Timed out receiving message from renderer: 0.100
[1591092816.574][SEVERE]: Timed out receiving message from renderer: 0.100
[1591092816.682][SEVERE]: Timed out receiving message from renderer: 0.100
[1591092816.787][SEVERE]: Timed out receiving message from renderer: 0.100
[1591092816.895][SEVERE]: Timed out receiving message from renderer: 0.100
[1591092817.000][SEVERE]: Timed out receiving message from renderer: 0.100
[1591092817.104][SEVERE]: Timed out receiving message from renderer: 0.100
[1591092817.209][SEVERE]: Timed out receiving message from renderer: 0.100
[1591092817.311][SEVERE]: Timed out receiving message from renderer: 0.100
[1591092817.417][SEVERE]: Timed out receiving message from renderer: 0.100
[1591092817.523][SEVERE]: Timed out receiving message from renderer: 0.100
[1591092817.626][SEVERE]: Timed out receiving message from renderer: 0.100
[1591092817.732][SEVERE]: Timed out receiving message from renderer: 0.100
[1591092817.841][SEVERE]: Timed out receiving message from renderer: 0.100
[1591092817.947][SEVERE]: Timed out receiving message from renderer: 0.100
[1591092818.051][SEVERE]: Timed out receiving message from renderer: 0.100
[1591092818.159][SEVERE]: Timed out receiving message from renderer: 0.100
[1591092818.262][SEVERE]: Timed out receiving message from renderer: 0.100
[1591092818.371][SEVERE]: Timed out receiving message from renderer: 0.100
[1591092818.476][SEVERE]: Timed out receiving message from renderer: 0.100
[1591092818.583][SEVERE]: Timed out receiving message from renderer: 0.100
[1591092818.689][SEVERE]: Timed out receiving message from renderer: 0.100
[1591092818.799][SEVERE]: Timed out receiving message from renderer: 0.100
[1591092818.906][SEVERE]: Timed out receiving message from renderer: 0.100
[1591092819.010][SEVERE]: Timed out receiving message from renderer: 0.100
[1591092819.112][SEVERE]: Timed out receiving message from renderer: 0.100
[1591092819.217][SEVERE]: Timed out receiving message from renderer: 0.100
[1591092819.321][SEVERE]: Timed out receiving message from renderer: 0.100
[1591092819.425][SEVERE]: Timed out receiving message from renderer: 0.100
[1591092819.529][SEVERE]: Timed out receiving message from renderer: 0.100
[1591092819.634][SEVERE]: Timed out receiving message from renderer: 0.100
[1591092819.738][SEVERE]: Timed out receiving message from renderer: 0.100
[1591092819.842][SEVERE]: Timed out receiving message from renderer: 0.100
[1591092819.946][SEVERE]: Timed out receiving message from renderer: 0.100
[1591092820.056][SEVERE]: Timed out receiving message from renderer: 0.100
[1591092820.165][SEVERE]: Timed out receiving message from renderer: 0.100
[1591092820.272][SEVERE]: Timed out receiving message from renderer: 0.100
[1591092820.376][SEVERE]: Timed out receiving message from renderer: 0.100
[1591092820.481][SEVERE]: Timed out receiving message from renderer: 0.100
[1591092820.590][SEVERE]: Timed out receiving message from renderer: 0.100
[1591092820.697][SEVERE]: Timed out receiving message from renderer: 0.100
[1591092820.805][SEVERE]: Timed out receiving message from renderer: 0.100
[1591092820.910][SEVERE]: Timed out receiving message from renderer: 0.100
[1591092821.015][SEVERE]: Timed out receiving message from renderer: 0.100
[1591092821.121][SEVERE]: Timed out receiving message from renderer: 0.100
[1591092821.225][SEVERE]: Timed out receiving message from renderer: 0.100
[1591092821.334][SEVERE]: Timed out receiving message from renderer: 0.100
[1591092821.438][SEVERE]: Timed out receiving message from renderer: 0.100
[1591092821.542][SEVERE]: Timed out receiving message from renderer: 0.100
[1591092821.647][SEVERE]: Timed out receiving message from renderer: 0.100
[1591092821.758][SEVERE]: Timed out receiving message from renderer: 0.100
[1591092821.865][SEVERE]: Timed out receiving message from renderer: 0.100
[1591092821.970][SEVERE]: Timed out receiving message from renderer: 0.100
[1591092822.078][SEVERE]: Timed out receiving message from renderer: 0.100
[1591092822.185][SEVERE]: Timed out receiving message from renderer: 0.100
[1591092822.290][SEVERE]: Timed out receiving message from renderer: 0.100
[1591092822.395][SEVERE]: Timed out receiving message from renderer: 0.100
[1591092822.502][SEVERE]: Timed out receiving message from renderer: 0.100
[1591092822.607][SEVERE]: Timed out receiving message from renderer: 0.100
[1591092822.714][SEVERE]: Timed out receiving message from renderer: 0.100
[1591092822.820][SEVERE]: Timed out receiving message from renderer: 0.100
[1591092822.927][SEVERE]: Timed out receiving message from renderer: 0.100
[1591092823.036][SEVERE]: Timed out receiving message from renderer: 0.100
[1591092823.140][SEVERE]: Timed out receiving message from renderer: 0.100
[1591092823.245][SEVERE]: Timed out receiving message from renderer: 0.100
[1591092823.350][SEVERE]: Timed out receiving message from renderer: 0.100
[1591092823.455][SEVERE]: Timed out receiving message from renderer: 0.100
[1591092823.563][SEVERE]: Timed out receiving message from renderer: 0.100
[1591092823.670][SEVERE]: Timed out receiving message from renderer: 0.100
[1591092823.779][SEVERE]: Timed out receiving message from renderer: 0.100
[1591092823.882][SEVERE]: Timed out receiving message from renderer: 0.100
[1591092823.985][SEVERE]: Timed out receiving message from renderer: 0.100
[1591092824.096][SEVERE]: Timed out receiving message from renderer: 0.100
[1591092824.201][SEVERE]: Timed out receiving message from renderer: 0.100
[1591092824.304][SEVERE]: Timed out receiving message from renderer: 0.100
[1591092824.406][SEVERE]: Timed out receiving message from renderer: 0.100
[1591092824.512][SEVERE]: Timed out receiving message from renderer: 0.100
[1591092824.616][SEVERE]: Timed out receiving message from renderer: 0.100
[1591092824.720][SEVERE]: Timed out receiving message from renderer: 0.100
[1591092824.824][SEVERE]: Timed out receiving message from renderer: 0.100
[1591092824.930][SEVERE]: Timed out receiving message from renderer: 0.100
[1591092825.033][SEVERE]: Timed out receiving message from renderer: 0.100
[1591092825.140][SEVERE]: Timed out receiving message from renderer: 0.100
[1591092825.248][SEVERE]: Timed out receiving message from renderer: 0.100
[1591092825.353][SEVERE]: Timed out receiving message from renderer: 0.100
[1591092825.460][SEVERE]: Timed out receiving message from renderer: 0.100
[1591092825.567][SEVERE]: Timed out receiving message from renderer: 0.100
[1591092825.673][SEVERE]: Timed out receiving message from renderer: 0.100
[1591092825.777][SEVERE]: Timed out receiving message from renderer: 0.100
[1591092825.881][SEVERE]: Timed out receiving message from renderer: 0.100
[1591092825.986][SEVERE]: Timed out receiving message from renderer: 0.100
[1591092826.093][SEVERE]: Timed out receiving message from renderer: 0.100
[1591092826.196][SEVERE]: Timed out receiving message from renderer: 0.100
[1591092826.299][SEVERE]: Timed out receiving message from renderer: 0.100
[1591092826.403][SEVERE]: Timed out receiving message from renderer: 0.100
[1591092826.506][SEVERE]: Timed out receiving message from renderer: 0.100
[1591092826.608][SEVERE]: Timed out receiving message from renderer: 0.100
[1591092826.711][SEVERE]: Timed out receiving message from renderer: 0.100
[1591092826.815][SEVERE]: Timed out receiving message from renderer: 0.100
[1591092826.919][SEVERE]: Timed out receiving message from renderer: 0.100
[1591092827.021][SEVERE]: Timed out receiving message from renderer: 0.100
[1591092827.124][SEVERE]: Timed out receiving message from renderer: 0.100
[1591092827.227][SEVERE]: Timed out receiving message from renderer: 0.100
[1591092827.331][SEVERE]: Timed out receiving message from renderer: 0.100
[1591092827.435][SEVERE]: Timed out receiving message from renderer: 0.100
[1591092827.537][SEVERE]: Timed out receiving message from renderer: 0.100
[1591092827.639][SEVERE]: Timed out receiving message from renderer: 0.100
[1591092827.742][SEVERE]: Timed out receiving message from renderer: 0.100
[1591092827.846][SEVERE]: Timed out receiving message from renderer: 0.100
[1591092827.949][SEVERE]: Timed out receiving message from renderer: 0.100
[1591092828.054][SEVERE]: Timed out receiving message from renderer: 0.100
[1591092828.157][SEVERE]: Timed out receiving message from renderer: 0.100
[1591092828.260][SEVERE]: Timed out receiving message from renderer: 0.100
[1591092828.365][SEVERE]: Timed out receiving message from renderer: 0.100
[1591092828.469][SEVERE]: Timed out receiving message from renderer: 0.100
[1591092828.574][SEVERE]: Timed out receiving message from renderer: 0.100
[1591092828.684][SEVERE]: Timed out receiving message from renderer: 0.100
[1591092828.787][SEVERE]: Timed out receiving message from renderer: 0.100
[1591092828.894][SEVERE]: Timed out receiving message from renderer: 0.100
[1591092829.000][SEVERE]: Timed out receiving message from renderer: 0.100
[1591092829.105][SEVERE]: Timed out receiving message from renderer: 0.100
[1591092829.210][SEVERE]: Timed out receiving message from renderer: 0.100
[1591092829.313][SEVERE]: Timed out receiving message from renderer: 0.100
[1591092829.419][SEVERE]: Timed out receiving message from renderer: 0.100
[1591092829.522][SEVERE]: Timed out receiving message from renderer: 0.100
[1591092829.626][SEVERE]: Timed out receiving message from renderer: 0.100
[1591092829.731][SEVERE]: Timed out receiving message from renderer: 0.100
[1591092829.839][SEVERE]: Timed out receiving message from renderer: 0.100
[1591092829.943][SEVERE]: Timed out receiving message from renderer: 0.100
[1591092830.045][SEVERE]: Timed out receiving message from renderer: 0.100
[1591092830.148][SEVERE]: Timed out receiving message from renderer: 0.100
[1591092830.250][SEVERE]: Timed out receiving message from renderer: 0.100
[1591092830.354][SEVERE]: Timed out receiving message from renderer: 0.100
[1591092830.460][SEVERE]: Timed out receiving message from renderer: 0.100
[1591092830.564][SEVERE]: Timed out receiving message from renderer: 0.100
[1591092830.668][SEVERE]: Timed out receiving message from renderer: 0.100
[1591092830.771][SEVERE]: Timed out receiving message from renderer: 0.100
[1591092830.874][SEVERE]: Timed out receiving message from renderer: 0.100
[1591092830.982][SEVERE]: Timed out receiving message from renderer: 0.100
[1591092831.085][SEVERE]: Timed out receiving message from renderer: 0.100
[1591092831.189][SEVERE]: Timed out receiving message from renderer: 0.100
[1591092831.293][SEVERE]: Timed out receiving message from renderer: 0.100
[1591092831.397][SEVERE]: Timed out receiving message from renderer: 0.100
[1591092831.501][SEVERE]: Timed out receiving message from renderer: 0.100
[1591092831.604][SEVERE]: Timed out receiving message from renderer: 0.100
[1591092831.708][SEVERE]: Timed out receiving message from renderer: 0.100
[1591092831.810][SEVERE]: Timed out receiving message from renderer: 0.100
[1591092831.914][SEVERE]: Timed out receiving message from renderer: 0.100
[1591092832.017][SEVERE]: Timed out receiving message from renderer: 0.100
[1591092832.119][SEVERE]: Timed out receiving message from renderer: 0.100
[1591092832.222][SEVERE]: Timed out receiving message from renderer: 0.100
[1591092832.328][SEVERE]: Timed out receiving message from renderer: 0.100
[1591092832.430][SEVERE]: Timed out receiving message from renderer: 0.100
[1591092832.534][SEVERE]: Timed out receiving message from renderer: 0.100
[1591092832.636][SEVERE]: Timed out receiving message from renderer: 0.100
[1591092832.739][SEVERE]: Timed out receiving message from renderer: 0.100
[1591092832.842][SEVERE]: Timed out receiving message from renderer: 0.100
[1591092832.945][SEVERE]: Timed out receiving message from renderer: 0.100
[1591092833.052][SEVERE]: Timed out receiving message from renderer: 0.100
[1591092833.154][SEVERE]: Timed out receiving message from renderer: 0.100
[1591092833.258][SEVERE]: Timed out receiving message from renderer: 0.100
[1591092833.362][SEVERE]: Timed out receiving message from renderer: 0.100
[1591092833.464][SEVERE]: Timed out receiving message from renderer: 0.100
[1591092833.568][SEVERE]: Timed out receiving message from renderer: 0.100
[1591092833.672][SEVERE]: Timed out receiving message from renderer: 0.100
[1591092833.775][SEVERE]: Timed out receiving message from renderer: 0.100
[1591092833.880][SEVERE]: Timed out receiving message from renderer: 0.100
[1591092833.984][SEVERE]: Timed out receiving message from renderer: 0.100
[1591092834.091][SEVERE]: Timed out receiving message from renderer: 0.100
[1591092834.201][SEVERE]: Timed out receiving message from renderer: 0.100
[1591092834.308][SEVERE]: Timed out receiving message from renderer: 0.100
[1591092834.410][SEVERE]: Timed out receiving message from renderer: 0.100
[1591092834.513][SEVERE]: Timed out receiving message from renderer: 0.100
[1591092834.615][SEVERE]: Timed out receiving message from renderer: 0.100
[1591092834.718][SEVERE]: Timed out receiving message from renderer: 0.100
[1591092834.821][SEVERE]: Timed out receiving message from renderer: 0.100
[1591092834.924][SEVERE]: Timed out receiving message from renderer: 0.100
[1591092835.026][SEVERE]: Timed out receiving message from renderer: 0.100
[1591092835.128][SEVERE]: Timed out receiving message from renderer: 0.100
[1591092835.231][SEVERE]: Timed out receiving message from renderer: 0.100
[1591092835.335][SEVERE]: Timed out receiving message from renderer: 0.100
[1591092835.439][SEVERE]: Timed out receiving message from renderer: 0.100
[1591092835.546][SEVERE]: Timed out receiving message from renderer: 0.100
[1591092835.652][SEVERE]: Timed out receiving message from renderer: 0.100
[1591092835.755][SEVERE]: Timed out receiving message from renderer: 0.100
[1591092835.859][SEVERE]: Timed out receiving message from renderer: 0.100
[1591092835.961][SEVERE]: Timed out receiving message from renderer: 0.100
[1591092836.069][SEVERE]: Timed out receiving message from renderer: 0.100
[1591092836.173][SEVERE]: Timed out receiving message from renderer: 0.100
[1591092836.279][SEVERE]: Timed out receiving message from renderer: 0.100
[1591092836.386][SEVERE]: Timed out receiving message from renderer: 0.100
[1591092836.490][SEVERE]: Timed out receiving message from renderer: 0.100
[1591092836.595][SEVERE]: Timed out receiving message from renderer: 0.100
[1591092836.699][SEVERE]: Timed out receiving message from renderer: 0.100
[1591092836.805][SEVERE]: Timed out receiving message from renderer: 0.100
[1591092836.911][SEVERE]: Timed out receiving message from renderer: 0.100
[1591092837.017][SEVERE]: Timed out receiving message from renderer: 0.100
[1591092837.120][SEVERE]: Timed out receiving message from renderer: 0.100
[1591092837.225][SEVERE]: Timed out receiving message from renderer: 0.100
[1591092837.330][SEVERE]: Timed out receiving message from renderer: 0.100
[1591092837.433][SEVERE]: Timed out receiving message from renderer: 0.100
[1591092837.537][SEVERE]: Timed out receiving message from renderer: 0.100
[1591092837.639][SEVERE]: Timed out receiving message from renderer: 0.100
[1591092837.742][SEVERE]: Timed out receiving message from renderer: 0.100
[1591092837.846][SEVERE]: Timed out receiving message from renderer: 0.100
[1591092837.950][SEVERE]: Timed out receiving message from renderer: 0.100
[1591092838.057][SEVERE]: Timed out receiving message from renderer: 0.100
[1591092838.166][SEVERE]: Timed out receiving message from renderer: 0.100
[1591092838.272][SEVERE]: Timed out receiving message from renderer: 0.100
[1591092838.378][SEVERE]: Timed out receiving message from renderer: 0.100
[1591092838.483][SEVERE]: Timed out receiving message from renderer: 0.100
[1591092838.588][SEVERE]: Timed out receiving message from renderer: 0.100
[1591092838.699][SEVERE]: Timed out receiving message from renderer: 0.100
[1591092838.802][SEVERE]: Timed out receiving message from renderer: 0.100
[1591092838.904][SEVERE]: Timed out receiving message from renderer: 0.100
[1591092839.006][SEVERE]: Timed out receiving message from renderer: 0.100
[1591092839.108][SEVERE]: Timed out receiving message from renderer: 0.100
[1591092839.209][SEVERE]: Timed out receiving message from renderer: 0.100
[1591092839.313][SEVERE]: Timed out receiving message from renderer: 0.100
[1591092839.417][SEVERE]: Timed out receiving message from renderer: 0.100
[1591092839.520][SEVERE]: Timed out receiving message from renderer: 0.100
[1591092839.625][SEVERE]: Timed out receiving message from renderer: 0.100
[1591092839.729][SEVERE]: Timed out receiving message from renderer: 0.100
[1591092839.835][SEVERE]: Timed out receiving message from renderer: 0.100
[1591092839.937][SEVERE]: Timed out receiving message from renderer: 0.100
[1591092840.041][SEVERE]: Timed out receiving message from renderer: 0.100
[1591092840.144][SEVERE]: Timed out receiving message from renderer: 0.100
[1591092840.247][SEVERE]: Timed out receiving message from renderer: 0.100
[1591092840.353][SEVERE]: Timed out receiving message from renderer: 0.100
[1591092840.458][SEVERE]: Timed out receiving message from renderer: 0.100
[1591092840.564][SEVERE]: Timed out receiving message from renderer: 0.100
[1591092840.665][SEVERE]: Timed out receiving message from renderer: 0.100
[1591092840.768][SEVERE]: Timed out receiving message from renderer: 0.100
[1591092840.872][SEVERE]: Timed out receiving message from renderer: 0.100
[1591092840.975][SEVERE]: Timed out receiving message from renderer: 0.100
[1591092841.079][SEVERE]: Timed out receiving message from renderer: 0.100
[1591092841.184][SEVERE]: Timed out receiving message from renderer: 0.100
[1591092841.289][SEVERE]: Timed out receiving message from renderer: 0.100
[1591092841.394][SEVERE]: Timed out receiving message from renderer: 0.100
[1591092841.501][SEVERE]: Timed out receiving message from renderer: 0.100
[1591092841.610][SEVERE]: Timed out receiving message from renderer: 0.100
[1591092841.714][SEVERE]: Timed out receiving message from renderer: 0.100
[1591092841.819][SEVERE]: Timed out receiving message from renderer: 0.100
[1591092841.921][SEVERE]: Timed out receiving message from renderer: 0.100
[1591092842.024][SEVERE]: Timed out receiving message from renderer: 0.100
[1591092842.128][SEVERE]: Timed out receiving message from renderer: 0.100
[1591092842.234][SEVERE]: Timed out receiving message from renderer: 0.100
[1591092842.337][SEVERE]: Timed out receiving message from renderer: 0.100
[1591092842.444][SEVERE]: Timed out receiving message from renderer: 0.100
[1591092842.552][SEVERE]: Timed out receiving message from renderer: 0.100
[1591092842.662][SEVERE]: Timed out receiving message from renderer: 0.100
[1591092842.770][SEVERE]: Timed out receiving message from renderer: 0.100
[1591092842.876][SEVERE]: Timed out receiving message from renderer: 0.100
[1591092842.983][SEVERE]: Timed out receiving message from renderer: 0.100
[1591092843.088][SEVERE]: Timed out receiving message from renderer: 0.100
[1591092843.192][SEVERE]: Timed out receiving message from renderer: 0.100
[1591092843.299][SEVERE]: Timed out receiving message from renderer: 0.100
[1591092843.404][SEVERE]: Timed out receiving message from renderer: 0.100
[1591092843.508][SEVERE]: Timed out receiving message from renderer: 0.100
[1591092843.613][SEVERE]: Timed out receiving message from renderer: 0.100
[1591092843.718][SEVERE]: Timed out receiving message from renderer: 0.100
[1591092843.823][SEVERE]: Timed out receiving message from renderer: 0.100
[1591092843.928][SEVERE]: Timed out receiving message from renderer: 0.100
[1591092844.033][SEVERE]: Timed out receiving message from renderer: 0.100
[1591092844.137][SEVERE]: Timed out receiving message from renderer: 0.100
[1591092844.244][SEVERE]: Timed out receiving message from renderer: 0.100
[1591092844.348][SEVERE]: Timed out receiving message from renderer: 0.100
[1591092844.452][SEVERE]: Timed out receiving message from renderer: 0.100
[1591092844.560][SEVERE]: Timed out receiving message from renderer: 0.100
[1591092844.665][SEVERE]: Timed out receiving message from renderer: 0.100
[1591092844.772][SEVERE]: Timed out receiving message from renderer: 0.100
[1591092844.879][SEVERE]: Timed out receiving message from renderer: 0.100
[1591092844.983][SEVERE]: Timed out receiving message from renderer: 0.100
[1591092845.087][SEVERE]: Timed out receiving message from renderer: 0.100
[1591092845.191][SEVERE]: Timed out receiving message from renderer: 0.100
[1591092845.301][SEVERE]: Timed out receiving message from renderer: 0.100
[1591092845.407][SEVERE]: Timed out receiving message from renderer: 0.100
[1591092845.512][SEVERE]: Timed out receiving message from renderer: 0.100
[1591092845.619][SEVERE]: Timed out receiving message from renderer: 0.100
[1591092845.728][SEVERE]: Timed out receiving message from renderer: 0.100
[1591092845.834][SEVERE]: Timed out receiving message from renderer: 0.100
[1591092845.944][SEVERE]: Timed out receiving message from renderer: 0.100
[1591092846.051][SEVERE]: Timed out receiving message from renderer: 0.100
[1591092846.157][SEVERE]: Timed out receiving message from renderer: 0.100
[1591092846.263][SEVERE]: Timed out receiving message from renderer: 0.100
[1591092846.368][SEVERE]: Timed out receiving message from renderer: 0.100
[1591092846.472][SEVERE]: Timed out receiving message from renderer: 0.100
[1591092846.577][SEVERE]: Timed out receiving message from renderer: 0.100
[1591092846.684][SEVERE]: Timed out receiving message from renderer: 0.100
[1591092846.793][SEVERE]: Timed out receiving message from renderer: 0.100
[1591092846.899][SEVERE]: Timed out receiving message from renderer: 0.100
[1591092847.007][SEVERE]: Timed out receiving message from renderer: 0.100
[1591092847.111][SEVERE]: Timed out receiving message from renderer: 0.100
[1591092847.216][SEVERE]: Timed out receiving message from renderer: 0.100
[1591092847.323][SEVERE]: Timed out receiving message from renderer: 0.100
[1591092847.428][SEVERE]: Timed out receiving message from renderer: 0.100
[1591092847.531][SEVERE]: Timed out receiving message from renderer: 0.100
[1591092847.633][SEVERE]: Timed out receiving message from renderer: 0.100
[1591092847.737][SEVERE]: Timed out receiving message from renderer: 0.100
[1591092847.844][SEVERE]: Timed out receiving message from renderer: 0.100
[1591092847.951][SEVERE]: Timed out receiving message from renderer: 0.100
[1591092848.057][SEVERE]: Timed out receiving message from renderer: 0.100
[1591092848.163][SEVERE]: Timed out receiving message from renderer: 0.100
[1591092848.268][SEVERE]: Timed out receiving message from renderer: 0.100
[1591092848.374][SEVERE]: Timed out receiving message from renderer: 0.100
[1591092848.479][SEVERE]: Timed out receiving message from renderer: 0.100
[1591092848.584][SEVERE]: Timed out receiving message from renderer: 0.100
[1591092848.691][SEVERE]: Timed out receiving message from renderer: 0.100
[1591092848.796][SEVERE]: Timed out receiving message from renderer: 0.100
[1591092848.904][SEVERE]: Timed out receiving message from renderer: 0.100
[1591092849.009][SEVERE]: Timed out receiving message from renderer: 0.100
[1591092849.116][SEVERE]: Timed out receiving message from renderer: 0.100
[1591092849.221][SEVERE]: Timed out receiving message from renderer: 0.100
[1591092849.325][SEVERE]: Timed out receiving message from renderer: 0.100
[1591092849.428][SEVERE]: Timed out receiving message from renderer: 0.100
[1591092849.532][SEVERE]: Timed out receiving message from renderer: 0.100
[1591092849.639][SEVERE]: Timed out receiving message from renderer: 0.100
[1591092849.748][SEVERE]: Timed out receiving message from renderer: 0.100
[1591092849.853][SEVERE]: Timed out receiving message from renderer: 0.100
[1591092849.957][SEVERE]: Timed out receiving message from renderer: 0.100
[1591092850.064][SEVERE]: Timed out receiving message from renderer: 0.100
[1591092850.173][SEVERE]: Timed out receiving message from renderer: 0.100
[1591092850.278][SEVERE]: Timed out receiving message from renderer: 0.100
[1591092850.384][SEVERE]: Timed out receiving message from renderer: 0.100
[1591092850.492][SEVERE]: Timed out receiving message from renderer: 0.100
[1591092850.597][SEVERE]: Timed out receiving message from renderer: 0.100
[1591092850.715][SEVERE]: Timed out receiving message from renderer: 0.100
[1591092850.820][SEVERE]: Timed out receiving message from renderer: 0.100
[1591092850.922][SEVERE]: Timed out receiving message from renderer: 0.100
[1591092851.035][SEVERE]: Timed out receiving message from renderer: 0.100
[1591092851.145][SEVERE]: Timed out receiving message from renderer: 0.100
[1591092851.253][SEVERE]: Timed out receiving message from renderer: 0.100
[1591092851.356][SEVERE]: Timed out receiving message from renderer: 0.100
[1591092851.459][SEVERE]: Timed out receiving message from renderer: 0.100
[1591092851.570][SEVERE]: Timed out receiving message from renderer: 0.100
[1591092851.680][SEVERE]: Timed out receiving message from renderer: 0.100
[1591092851.783][SEVERE]: Timed out receiving message from renderer: 0.100
[1591092851.887][SEVERE]: Timed out receiving message from renderer: 0.100
[1591092851.990][SEVERE]: Timed out receiving message from renderer: 0.100
[1591092852.096][SEVERE]: Timed out receiving message from renderer: 0.100
[1591092852.200][SEVERE]: Timed out receiving message from renderer: 0.100
[1591092852.301][SEVERE]: Timed out receiving message from renderer: 0.100
[1591092852.405][SEVERE]: Timed out receiving message from renderer: 0.100
[1591092852.508][SEVERE]: Timed out receiving message from renderer: 0.100
[1591092852.611][SEVERE]: Timed out receiving message from renderer: 0.100
[1591092852.713][SEVERE]: Timed out receiving message from renderer: 0.100
[1591092852.816][SEVERE]: Timed out receiving message from renderer: 0.100
[1591092852.922][SEVERE]: Timed out receiving message from renderer: 0.100
[1591092853.030][SEVERE]: Timed out receiving message from renderer: 0.100
[1591092853.132][SEVERE]: Timed out receiving message from renderer: 0.100
[1591092853.239][SEVERE]: Timed out receiving message from renderer: 0.100
[1591092853.341][SEVERE]: Timed out receiving message from renderer: 0.100
[1591092853.443][SEVERE]: Timed out receiving message from renderer: 0.100
[1591092853.547][SEVERE]: Timed out receiving message from renderer: 0.100
[1591092853.649][SEVERE]: Timed out receiving message from renderer: 0.100
[1591092853.752][SEVERE]: Timed out receiving message from renderer: 0.100
[1591092853.860][SEVERE]: Timed out receiving message from renderer: 0.100
[1591092853.962][SEVERE]: Timed out receiving message from renderer: 0.100
[1591092854.065][SEVERE]: Timed out receiving message from renderer: 0.100
[1591092854.168][SEVERE]: Timed out receiving message from renderer: 0.100
[1591092854.271][SEVERE]: Timed out receiving message from renderer: 0.100
[1591092854.386][SEVERE]: Timed out receiving message from renderer: 0.100
[1591092854.501][SEVERE]: Timed out receiving message from renderer: 0.100
[1591092854.609][SEVERE]: Timed out receiving message from renderer: 0.100
[1591092854.712][SEVERE]: Timed out receiving message from renderer: 0.100
[1591092854.818][SEVERE]: Timed out receiving message from renderer: 0.100
[1591092854.922][SEVERE]: Timed out receiving message from renderer: 0.100
[1591092855.025][SEVERE]: Timed out receiving message from renderer: 0.100
[1591092855.140][SEVERE]: Timed out receiving message from renderer: 0.100
[1591092855.311][SEVERE]: Timed out receiving message from renderer: 0.100
[1591092855.414][SEVERE]: Timed out receiving message from renderer: 0.100
[1591092855.522][SEVERE]: Timed out receiving message from renderer: 0.100
[1591092855.628][SEVERE]: Timed out receiving message from renderer: 0.100
[1591092855.733][SEVERE]: Timed out receiving message from renderer: 0.100
[1591092855.836][SEVERE]: Timed out receiving message from renderer: 0.100
[1591092855.939][SEVERE]: Timed out receiving message from renderer: 0.100
[1591092856.044][SEVERE]: Timed out receiving message from renderer: 0.100
[1591092856.152][SEVERE]: Timed out receiving message from renderer: 0.100
[1591092856.255][SEVERE]: Timed out receiving message from renderer: 0.100
[1591092856.361][SEVERE]: Timed out receiving message from renderer: 0.100
[1591092856.468][SEVERE]: Timed out receiving message from renderer: 0.100
[1591092856.577][SEVERE]: Timed out receiving message from renderer: 0.100
[1591092856.681][SEVERE]: Timed out receiving message from renderer: 0.100
[1591092856.785][SEVERE]: Timed out receiving message from renderer: 0.100
[1591092856.891][SEVERE]: Timed out receiving message from renderer: 0.100
[1591092856.994][SEVERE]: Timed out receiving message from renderer: 0.100
[1591092857.099][SEVERE]: Timed out receiving message from renderer: 0.100
[1591092857.204][SEVERE]: Timed out receiving message from renderer: 0.100
[1591092857.308][SEVERE]: Timed out receiving message from renderer: 0.100
[1591092857.414][SEVERE]: Timed out receiving message from renderer: 0.100
[1591092857.524][SEVERE]: Timed out receiving message from renderer: 0.100
[1591092857.631][SEVERE]: Timed out receiving message from renderer: 0.100
[1591092857.738][SEVERE]: Timed out receiving message from renderer: 0.100
[1591092857.846][SEVERE]: Timed out receiving message from renderer: 0.100
[1591092857.951][SEVERE]: Timed out receiving message from renderer: 0.100
[1591092858.053][SEVERE]: Timed out receiving message from renderer: 0.100
[1591092858.158][SEVERE]: Timed out receiving message from renderer: 0.100
[1591092858.261][SEVERE]: Timed out receiving message from renderer: 0.100
[1591092858.367][SEVERE]: Timed out receiving message from renderer: 0.100
[1591092858.472][SEVERE]: Timed out receiving message from renderer: 0.100
[1591092858.574][SEVERE]: Timed out receiving message from renderer: 0.100
[1591092858.678][SEVERE]: Timed out receiving message from renderer: 0.100
[1591092858.783][SEVERE]: Timed out receiving message from renderer: 0.100
[1591092858.888][SEVERE]: Timed out receiving message from renderer: 0.100
[1591092858.995][SEVERE]: Timed out receiving message from renderer: 0.100
[1591092859.102][SEVERE]: Timed out receiving message from renderer: 0.100
[1591092859.207][SEVERE]: Timed out receiving message from renderer: 0.100
[1591092859.312][SEVERE]: Timed out receiving message from renderer: 0.100
[1591092859.435][SEVERE]: Timed out receiving message from renderer: 0.100
[1591092859.540][SEVERE]: Timed out receiving message from renderer: 0.100
[1591092859.646][SEVERE]: Timed out receiving message from renderer: 0.100
[1591092859.751][SEVERE]: Timed out receiving message from renderer: 0.100
[1591092859.857][SEVERE]: Timed out receiving message from renderer: 0.100
[1591092859.963][SEVERE]: Timed out receiving message from renderer: 0.100
[1591092860.069][SEVERE]: Timed out receiving message from renderer: 0.100
[1591092860.175][SEVERE]: Timed out receiving message from renderer: 0.100
[1591092860.281][SEVERE]: Timed out receiving message from renderer: 0.100
[1591092860.386][SEVERE]: Timed out receiving message from renderer: 0.100
[1591092860.493][SEVERE]: Timed out receiving message from renderer: 0.100
[1591092860.599][SEVERE]: Timed out receiving message from renderer: 0.100
[1591092860.705][SEVERE]: Timed out receiving message from renderer: 0.100
[1591092860.809][SEVERE]: Timed out receiving message from renderer: 0.100
[1591092860.916][SEVERE]: Timed out receiving message from renderer: 0.100
[1591092861.024][SEVERE]: Timed out receiving message from renderer: 0.100
[1591092861.134][SEVERE]: Timed out receiving message from renderer: 0.100
[1591092861.239][SEVERE]: Timed out receiving message from renderer: 0.100
[1591092861.344][SEVERE]: Timed out receiving message from renderer: 0.100
[1591092861.453][SEVERE]: Timed out receiving message from renderer: 0.100
[1591092861.561][SEVERE]: Timed out receiving message from renderer: 0.100
[1591092861.670][SEVERE]: Timed out receiving message from renderer: 0.100
[1591092861.776][SEVERE]: Timed out receiving message from renderer: 0.100
[1591092861.883][SEVERE]: Timed out receiving message from renderer: 0.100
[1591092861.989][SEVERE]: Timed out receiving message from renderer: 0.100
[1591092862.093][SEVERE]: Timed out receiving message from renderer: 0.100
[1591092862.197][SEVERE]: Timed out receiving message from renderer: 0.100
[1591092862.301][SEVERE]: Timed out receiving message from renderer: 0.100
[1591092862.407][SEVERE]: Timed out receiving message from renderer: 0.100
[1591092862.513][SEVERE]: Timed out receiving message from renderer: 0.100
[1591092862.620][SEVERE]: Timed out receiving message from renderer: 0.100
[1591092862.824][SEVERE]: Timed out receiving message from renderer: 0.100
[1591092862.929][SEVERE]: Timed out receiving message from renderer: 0.100
[1591092863.036][SEVERE]: Timed out receiving message from renderer: 0.100
[1591092863.142][SEVERE]: Timed out receiving message from renderer: 0.100
[1591092863.247][SEVERE]: Timed out receiving message from renderer: 0.100
[1591092863.352][SEVERE]: Timed out receiving message from renderer: 0.100
[1591092863.458][SEVERE]: Timed out receiving message from renderer: 0.100
[1591092863.563][SEVERE]: Timed out receiving message from renderer: 0.100
[1591092863.670][SEVERE]: Timed out receiving message from renderer: 0.100
[1591092863.773][SEVERE]: Timed out receiving message from renderer: 0.100
[1591092863.879][SEVERE]: Timed out receiving message from renderer: 0.100
[1591092863.984][SEVERE]: Timed out receiving message from renderer: 0.100
[1591092864.087][SEVERE]: Timed out receiving message from renderer: 0.100
[1591092864.192][SEVERE]: Timed out receiving message from renderer: 0.100
[1591092864.296][SEVERE]: Timed out receiving message from renderer: 0.100
[1591092864.402][SEVERE]: Timed out receiving message from renderer: 0.100
[1591092864.509][SEVERE]: Timed out receiving message from renderer: 0.100
[1591092864.614][SEVERE]: Timed out receiving message from renderer: 0.100
[1591092864.720][SEVERE]: Timed out receiving message from renderer: 0.100
[1591092864.826][SEVERE]: Timed out receiving message from renderer: 0.100
[1591092864.932][SEVERE]: Timed out receiving message from renderer: 0.100
[1591092865.036][SEVERE]: Timed out receiving message from renderer: 0.100
[1591092865.143][SEVERE]: Timed out receiving message from renderer: 0.100
[1591092865.250][SEVERE]: Timed out receiving message from renderer: 0.100
[1591092865.359][SEVERE]: Timed out receiving message from renderer: 0.100
log4j:WARN No appenders could be found for logger (TestCases.BaseClass).
log4j:WARN Please initialize the log4j system properly.
log4j:WARN See http://logging.apache.org/log4j/1.2/faq.html#noconfig for more info.
]]></system-err>
  </testcase>
</testsuite>