<?xml version="1.0" encoding="UTF-8"?>
<testng-results ignored="0" total="1" passed="1" failed="0" skipped="0">
  <reporter-output>
  </reporter-output>
  <suite started-at="2020-06-02T16:25:03 IST" name="Suite" finished-at="2020-06-02T16:25:32 IST" duration-ms="28941">
    <groups>
    </groups>
    <test started-at="2020-06-02T16:25:03 IST" name="Test" finished-at="2020-06-02T16:25:32 IST" duration-ms="28941">
      <class name="TestCases.TestCase01">
        <test-method is-config="true" signature="lunchBrowser(java.lang.String)[pri:0, instance:TestCases.TestCase01@672872e1]" started-at="2020-06-02T16:25:03 IST" name="lunchBrowser" finished-at="2020-06-02T16:25:06 IST" duration-ms="3063" status="PASS">
          <params>
            <param index="0">
              <value>
                <![CDATA[chrome]]>
              </value>
            </param>
          </params>
          <reporter-output>
          </reporter-output>
        </test-method> <!-- lunchBrowser -->
        <test-method signature="loginTest()[pri:0, instance:TestCases.TestCase01@672872e1]" started-at="2020-06-02T16:25:06 IST" name="loginTest" finished-at="2020-06-02T16:25:32 IST" duration-ms="25569" status="PASS">
          <reporter-output>
          </reporter-output>
        </test-method> <!-- loginTest -->
        <test-method is-config="true" signature="closeBrowser()[pri:0, instance:TestCases.TestCase01@672872e1]" started-at="2020-06-02T16:25:32 IST" name="closeBrowser" finished-at="2020-06-02T16:25:32 IST" duration-ms="283" status="PASS">
          <reporter-output>
          </reporter-output>
        </test-method> <!-- closeBrowser -->
      </class> <!-- TestCases.TestCase01 -->
    </test> <!-- Test -->
  </suite> <!-- Suite -->
</testng-results>
